<?xml version="1.0" encoding="UTF-8"?>
<!-- Generated by org.testng.reporters.JUnitXMLReporter -->
<testsuite hostname="TH1554" ignored="2" name="Default test" tests="3" failures="0" timestamp="18 Jul 2018 06:05:37 GMT" time="170.62" errors="0">
  <testcase name="changeCoverLevel_ExistingCustomer" time="32.973" classname="com.milvik.mip.customermanagement.testrunner.MIP_ChangeCoverLevel_Test"/>
  <testcase name="changeCoverLevel_ExistingCustomer" time="30.742" classname="com.milvik.mip.customermanagement.testrunner.MIP_ChangeCoverLevel_Test"/>
  <testcase name="changeCoverLevel_ExistingCustomer" time="30.581" classname="com.milvik.mip.customermanagement.testrunner.MIP_ChangeCoverLevel_Test"/>
  <testcase name="validate_changeCoverLevel" time="0.0" classname="com.milvik.mip.customermanagement.testrunner.MIP_ChangeCoverLevel_Test">
    <ignored/>
  </testcase> <!-- validate_changeCoverLevel -->
  <testcase name="changeCoverLevel" time="0.0" classname="com.milvik.mip.customermanagement.testrunner.MIP_ChangeCoverLevel_Test">
    <ignored/>
  </testcase> <!-- changeCoverLevel -->
</testsuite> <!-- Default test -->
